<?xml version="1.0" encoding="UTF-8"?>
<!-- Generated by org.testng.reporters.JUnitReportReporter -->
<testsuite hostname="DESKTOP-O1LOONP" failures="0" tests="1" name="Amazon.tests.AmazonSearchAndCart" time="18.743" errors="0" timestamp="2025-03-18T13:45:10 IST" skipped="0">
  <testcase classname="Amazon.tests.AmazonSearchAndCart" name="testAmazonSearchAndCart" time="18.743"/>
</testsuite> <!-- Amazon.tests.AmazonSearchAndCart -->
